#-----------------------------------------------------------
# Vivado v2019.1.3 (64-bit)
# SW Build 2644227 on Wed Sep  4 09:45:24 MDT 2019
# IP Build 2633630 on Wed Sep  4 12:30:14 MDT 2019
# Start of session at: Sun Dec  1 23:33:06 2019
# Process ID: 5824
# Current directory: C:/Users/Yorben/OneDrive - uantwerpen/opgave_8
# Command line: vivado.exe -gui_launcher_event rodinguilauncherevent10652 C:\Users\Yorben\OneDrive - uantwerpen\opgave_8\opgave_8.xpr
# Log file: C:/Users/Yorben/OneDrive - uantwerpen/opgave_8/vivado.log
# Journal file: C:/Users/Yorben/OneDrive - uantwerpen/opgave_8\vivado.jou
#-----------------------------------------------------------
start_gui
open_project {C:/Users/Yorben/OneDrive - uantwerpen/opgave_8/opgave_8.xpr}
INFO: [Project 1-313] Project file moved from 'C:/Users/yorbe/OneDrive - uantwerpen/opgave_8' since last save.
Scanning sources...
Finished scanning sources
INFO: [IP_Flow 19-234] Refreshing IP repositories
INFO: [IP_Flow 19-1704] No user IP repositories specified
INFO: [IP_Flow 19-2313] Loaded Vivado IP repository 'C:/Xilinx/Vivado/2019.1/data/ip'.
update_compile_order -fileset sources_1
exit
INFO: [Common 17-206] Exiting Vivado at Sun Dec  1 23:34:07 2019...
