#-----------------------------------------------------------
# Vivado v2021.1 (64-bit)
# SW Build 3247384 on Thu Jun 10 19:36:33 MDT 2021
# IP Build 3246043 on Fri Jun 11 00:30:35 MDT 2021
# Start of session at: Wed Oct  6 11:31:10 2021
# Process ID: 14060
# Current directory: C:/Users/yorbe/OneDrive - Universiteit Antwerpen/School/1_Basis_digitale_elektronica/opgave_8
# Command line: vivado.exe -gui_launcher_event rodinguilauncherevent15268 C:\Users\yorbe\OneDrive - Universiteit Antwerpen\School\1_Basis_digitale_elektronica\opgave_8\opgave_8.xpr
# Log file: C:/Users/yorbe/OneDrive - Universiteit Antwerpen/School/1_Basis_digitale_elektronica/opgave_8/vivado.log
# Journal file: C:/Users/yorbe/OneDrive - Universiteit Antwerpen/School/1_Basis_digitale_elektronica/opgave_8\vivado.jou
#-----------------------------------------------------------
start_gui
open_project {C:/Users/yorbe/OneDrive - Universiteit Antwerpen/School/1_Basis_digitale_elektronica/opgave_8/opgave_8.xpr}
INFO: [ProjectBase 1-489] The host OS only allows 260 characters in a normal path. The project is stored in a path with more than 80 characters. If you experience issues with IP, Block Designs, or files not being found, please consider moving the project to a location with a shorter path. Alternately consider using the OS subst command to map part of the path to a drive letter.
Current project path is 'C:/Users/yorbe/OneDrive - Universiteit Antwerpen/School/1_Basis_digitale_elektronica/opgave_8'
INFO: [Project 1-313] Project file moved from 'C:/Users/yorbe/OneDrive - Universiteit Antwerpen/1_Basis_digitale_elektronica/opgave_8' since last save.
Scanning sources...
Finished scanning sources
INFO: [Project 1-230] Project 'opgave_8.xpr' upgraded for this version of Vivado.
INFO: [IP_Flow 19-234] Refreshing IP repositories
INFO: [IP_Flow 19-1704] No user IP repositories specified
INFO: [IP_Flow 19-2313] Loaded Vivado IP repository 'C:/Xilinx/Vivado/2021.1/data/ip'.
open_project: Time (s): cpu = 00:00:38 ; elapsed = 00:00:15 . Memory (MB): peak = 1222.777 ; gain = 0.000
update_compile_order -fileset sources_1
