#-----------------------------------------------------------
# Vivado v2020.1 (64-bit)
# SW Build 2902540 on Wed May 27 19:54:49 MDT 2020
# IP Build 2902112 on Wed May 27 22:43:36 MDT 2020
# Start of session at: Sat Oct  3 17:59:13 2020
# Process ID: 3732
# Current directory: C:/Users/yorbe/OneDrive - Universiteit Antwerpen/1_Basis_digitale_elektronica/opgave_8
# Command line: vivado.exe -gui_launcher_event rodinguilauncherevent3356 C:\Users\yorbe\OneDrive - Universiteit Antwerpen\1_Basis_digitale_elektronica\opgave_8\opgave_8.xpr
# Log file: C:/Users/yorbe/OneDrive - Universiteit Antwerpen/1_Basis_digitale_elektronica/opgave_8/vivado.log
# Journal file: C:/Users/yorbe/OneDrive - Universiteit Antwerpen/1_Basis_digitale_elektronica/opgave_8\vivado.jou
#-----------------------------------------------------------
start_gui
open_project {C:/Users/yorbe/OneDrive - Universiteit Antwerpen/1_Basis_digitale_elektronica/opgave_8/opgave_8.xpr}
INFO: [ProjectBase 1-489] The host OS only allows 260 characters in a normal path. The project is stored in a path with more than 80 characters. If you experience issues with IP, Block Designs, or files not being found, please consider moving the project to a location with a shorter path. Alternately consider using the OS subst command to map part of the path to a drive letter.
Current project path is 'C:/Users/yorbe/OneDrive - Universiteit Antwerpen/1_Basis_digitale_elektronica/opgave_8'
Scanning sources...
Finished scanning sources
INFO: [IP_Flow 19-234] Refreshing IP repositories
INFO: [IP_Flow 19-1704] No user IP repositories specified
INFO: [IP_Flow 19-2313] Loaded Vivado IP repository 'C:/Xilinx/Vivado/2020.1/data/ip'.
open_project: Time (s): cpu = 00:00:34 ; elapsed = 00:00:16 . Memory (MB): peak = 1034.363 ; gain = 0.000
update_compile_order -fileset sources_1
exit
INFO: [Common 17-206] Exiting Vivado at Sun Oct  4 17:28:52 2020...
