#-----------------------------------------------------------
# Vivado v2019.1.3 (64-bit)
# SW Build 2644227 on Wed Sep  4 09:45:24 MDT 2019
# IP Build 2633630 on Wed Sep  4 12:30:14 MDT 2019
# Start of session at: Fri Oct 18 19:03:06 2019
# Process ID: 11772
# Current directory: C:/Users/yorbe/OneDrive/Bureaublad/opgave_1/opgave_1.sim/sim_1/behav/xsim
# Command line: vivado.exe -gui_launcher_event rodinguilauncherevent12872 C:\Users\yorbe\OneDrive\Bureaublad\opgave_1\opgave_1.sim\sim_1\behav\xsim\TB_opgave_1_behav.wdb
# Log file: C:/Users/yorbe/OneDrive/Bureaublad/opgave_1/opgave_1.sim/sim_1/behav/xsim/vivado.log
# Journal file: C:/Users/yorbe/OneDrive/Bureaublad/opgave_1/opgave_1.sim/sim_1/behav/xsim\vivado.jou
#-----------------------------------------------------------
start_gui
open_wave_database {C:\Users\yorbe\OneDrive\Bureaublad\opgave_1\opgave_1.sim\sim_1\behav\xsim\TB_opgave_1_behav.wdb}
INFO: [IP_Flow 19-234] Refreshing IP repositories
INFO: [IP_Flow 19-1704] No user IP repositories specified
INFO: [IP_Flow 19-2313] Loaded Vivado IP repository 'C:/Xilinx/Vivado/2019.1/data/ip'.
current_fileset: Time (s): cpu = 00:00:16 ; elapsed = 00:00:08 . Memory (MB): peak = 637.824 ; gain = 24.133
open_wave_database: Time (s): cpu = 00:00:23 ; elapsed = 00:00:10 . Memory (MB): peak = 656.875 ; gain = 43.184
close_sim
INFO: [Simtcl 6-16] Simulation closed
exit
INFO: [Common 17-206] Exiting Vivado at Fri Oct 18 19:04:37 2019...
