#-----------------------------------------------------------
# Vivado v2019.1.3 (64-bit)
# SW Build 2644227 on Wed Sep  4 09:45:24 MDT 2019
# IP Build 2633630 on Wed Sep  4 12:30:14 MDT 2019
# Start of session at: Tue Nov 19 17:43:42 2019
# Process ID: 16348
# Current directory: C:/Users/Yorben/OneDrive - uantwerpen/opgave_6
# Command line: vivado.exe -gui_launcher_event rodinguilauncherevent9988 C:\Users\Yorben\OneDrive - uantwerpen\opgave_6\opgave_6.xpr
# Log file: C:/Users/Yorben/OneDrive - uantwerpen/opgave_6/vivado.log
# Journal file: C:/Users/Yorben/OneDrive - uantwerpen/opgave_6\vivado.jou
#-----------------------------------------------------------
start_gui
open_project {C:/Users/Yorben/OneDrive - uantwerpen/opgave_6/opgave_6.xpr}
INFO: [Project 1-313] Project file moved from 'C:/Users/yorbe/OneDrive - uantwerpen/opgave_6' since last save.
Scanning sources...
Finished scanning sources
INFO: [IP_Flow 19-234] Refreshing IP repositories
INFO: [IP_Flow 19-1704] No user IP repositories specified
INFO: [IP_Flow 19-2313] Loaded Vivado IP repository 'C:/Xilinx/Vivado/2019.1/data/ip'.
open_project: Time (s): cpu = 00:00:09 ; elapsed = 00:00:13 . Memory (MB): peak = 705.789 ; gain = 67.402
update_compile_order -fileset sources_1
reset_run synth_1
launch_runs impl_1 -to_step write_bitstream -jobs 6
[Tue Nov 19 17:56:59 2019] Launched synth_1...
Run output will be captured here: C:/Users/Yorben/OneDrive - uantwerpen/opgave_6/opgave_6.runs/synth_1/runme.log
[Tue Nov 19 17:56:59 2019] Launched impl_1...
Run output will be captured here: C:/Users/Yorben/OneDrive - uantwerpen/opgave_6/opgave_6.runs/impl_1/runme.log
reset_run synth_1
WARNING: [Vivado 12-1017] Problems encountered:
1. PID not specified

exit
INFO: [Common 17-206] Exiting Vivado at Tue Nov 19 18:08:01 2019...
