#-----------------------------------------------------------
# Vivado v2019.1.3 (64-bit)
# SW Build 2644227 on Wed Sep  4 09:45:24 MDT 2019
# IP Build 2633630 on Wed Sep  4 12:30:14 MDT 2019
# Start of session at: Fri Dec  6 11:00:51 2019
# Process ID: 808
# Current directory: C:/Users/yorbe/OneDrive - uantwerpen/opgave_6
# Command line: vivado.exe -gui_launcher_event rodinguilauncherevent4644 C:\Users\yorbe\OneDrive - uantwerpen\opgave_6\opgave_6.xpr
# Log file: C:/Users/yorbe/OneDrive - uantwerpen/opgave_6/vivado.log
# Journal file: C:/Users/yorbe/OneDrive - uantwerpen/opgave_6\vivado.jou
#-----------------------------------------------------------
start_gui
open_project {C:/Users/yorbe/OneDrive - uantwerpen/opgave_6/opgave_6.xpr}
Scanning sources...
Finished scanning sources
INFO: [IP_Flow 19-234] Refreshing IP repositories
INFO: [IP_Flow 19-1704] No user IP repositories specified
INFO: [IP_Flow 19-2313] Loaded Vivado IP repository 'C:/Xilinx/Vivado/2019.1/data/ip'.
open_project: Time (s): cpu = 00:00:31 ; elapsed = 00:00:12 . Memory (MB): peak = 767.254 ; gain = 106.805
exit
INFO: [Common 17-206] Exiting Vivadoreset_run synth_1
launch_runs impl_1 -to_step write_bitstream -jobs 6
[Fri Dec  6 11:05:36 2019] Launched synth_1...
Run output will be captured here: C:/Users/yorbe/OneDrive - uantwerpen/opgave_6/opgave_6.runs/synth_1/runme.log
[Fri Dec  6 11:05:36 2019] Launched impl_1...
Run output will be captured here: C:/Users/yorbe/OneDrive - uantwerpen/opgave_6/opgave_6.runs/impl_1/runme.log
open_hw
connect_hw_server
INFO: [Labtools 27-2285] Connecting to hw_server url TCP:localhost:3121
INFO: [Labtools 27-2222] Launching hw_server...
INFO: [Labtools 27-2221] Launch Output:

****** Xilinx hw_server v2019.1.3
  **** Build date : Sep  4 2019 at 10:11:09
    ** Copyright 1986-2019 Xilinx, Inc. All Rights Reserved.


connect_hw_server: Time (s): cpu = 00:00:02 ; elapsed = 00:00:07 . Memory (MB): peak = 1005.551 ; gain = 0.000
open_hw_target
INFO: [Labtoolstcl 44-466] Opening hw_target localhost:3121/xilinx_tcf/Digilent/347038020443A
open_hw_target: Time (s): cpu = 00:00:11 ; elapsed = 00:00:11 . Memory (MB): peak = 1922.746 ; gain = 917.195
set_property PROGRAM.FILE {C:/Users/yorbe/OneDrive - uantwerpen/opgave_6/opgave_6.runs/impl_1/opgave_6.bit} [get_hw_devices xc7a100t_0]
current_hw_device [get_hw_devices xc7a100t_0]
refresh_hw_device -update_hw_probes false [lindex [get_hw_devices xc7a100t_0] 0]
INFO: [Labtools 27-1434] Device xc7a100t (JTAG device index = 0) is programmed with a design that has no supported debug core(s) in it.
set_property PROBES.FILE {} [get_hw_devices xc7a100t_0]
set_property FULL_PROBES.FILE {} [get_hw_devices xc7a100t_0]
set_property PROGRAM.FILE {C:/Users/yorbe/OneDrive - uantwerpen/opgave_6/opgave_6.runs/impl_1/opgave_6.bit} [get_hw_devices xc7a100t_0]
program_hw_devices [get_hw_devices xc7a100t_0]
INFO: [Labtools 27-3164] End of startup status: HIGH
refresh_hw_device [lindex [get_hw_devices xc7a100t_0] 0]
INFO: [Labtools 27-1434] Device xc7a100t (JTAG device index = 0) is programmed with a design that has no supported debug core(s) in it.
reset_run synth_1
launch_runs impl_1 -to_step write_bitstream -jobs 6
[Fri Dec  6 11:13:18 2019] Launched synth_1...
Run output will be captured here: C:/Users/yorbe/OneDrive - uantwerpen/opgave_6/opgave_6.runs/synth_1/runme.log
[Fri Dec  6 11:13:18 2019] Launched impl_1...
Run output will be captured here: C:/Users/yorbe/OneDrive - uantwerpen/opgave_6/opgave_6.runs/impl_1/runme.log
set_property PROBES.FILE {} [get_hw_devices xc7a100t_0]
set_property FULL_PROBES.FILE {} [get_hw_devices xc7a100t_0]
set_property PROGRAM.FILE {C:/Users/yorbe/OneDrive - uantwerpen/opgave_6/opgave_6.runs/impl_1/opgave_6.bit} [get_hw_devices xc7a100t_0]
program_hw_devices [get_hw_devices xc7a100t_0]
INFO: [Labtools 27-3164] End of startup status: HIGH
refresh_hw_device [lindex [get_hw_devices xc7a100t_0] 0]
INFO: [Labtools 27-1434] Device xc7a100t (JTAG device index = 0) is programmed with a design that has no supported debug core(s) in it.
set_property PROBES.FILE {} [get_hw_devices xc7a100t_0]
set_property FULL_PROBES.FILE {} [get_hw_devices xc7a100t_0]
set_property PROGRAM.FILE {C:/Users/yorbe/OneDrive - uantwerpen/opgave_6/opgave_6.runs/impl_1/opgave_6.bit} [get_hw_devices xc7a100t_0]
program_hw_devices [get_hw_devices xc7a100t_0]
INFO: [Labtools 27-3164] End of startup status: HIGH
refresh_hw_device [lindex [get_hw_devices xc7a100t_0] 0]
INFO: [Labtools 27-1434] Device xc7a100t (JTAG device index = 0) is programmed with a design that has no supported debug core(s) in it.
reset_run synth_1
launch_runs impl_1 -to_step write_bitstream -jobs 6
[Fri Dec  6 11:25:41 2019] Launched synth_1...
Run output will be captured here: C:/Users/yorbe/OneDrive - uantwerpen/opgave_6/opgave_6.runs/synth_1/runme.log
[Fri Dec  6 11:25:41 2019] Launched impl_1...
Run output will be captured here: C:/Users/yorbe/OneDrive - uantwerpen/opgave_6/opgave_6.runs/impl_1/runme.log
set_property PROBES.FILE {} [get_hw_devices xc7a100t_0]
set_property FULL_PROBES.FILE {} [get_hw_devices xc7a100t_0]
set_property PROGRAM.FILE {C:/Users/yorbe/OneDrive - uantwerpen/opgave_6/opgave_6.runs/impl_1/opgave_6.bit} [get_hw_devices xc7a100t_0]
program_hw_devices [get_hw_devices xc7a100t_0]
INFO: [Labtools 27-3164] End of startup status: HIGH
refresh_hw_device [lindex [get_hw_devices xc7a100t_0] 0]
INFO: [Labtools 27-1434] Device xc7a100t (JTAG device index = 0) is programmed with a design that has no supported debug core(s) in it.
reset_run synth_1
launch_runs impl_1 -to_step write_bitstream -jobs 6
[Fri Dec  6 11:31:57 2019] Launched synth_1...
Run output will be captured here: C:/Users/yorbe/OneDrive - uantwerpen/opgave_6/opgave_6.runs/synth_1/runme.log
[Fri Dec  6 11:31:57 2019] Launched impl_1...
Run output will be captured here: C:/Users/yorbe/OneDrive - uantwerpen/opgave_6/opgave_6.runs/impl_1/runme.log
set_property PROBES.FILE {} [get_hw_devices xc7a100t_0]
set_property FULL_PROBES.FILE {} [get_hw_devices xc7a100t_0]
set_property PROGRAM.FILE {C:/Users/yorbe/OneDrive - uantwerpen/opgave_6/opgave_6.runs/impl_1/opgave_6.bit} [get_hw_devices xc7a100t_0]
program_hw_devices [get_hw_devices xc7a100t_0]
INFO: [Labtools 27-3164] End of startup status: HIGH
refresh_hw_device [lindex [get_hw_devices xc7a100t_0] 0]
INFO: [Labtools 27-1434] Device xc7a100t (JTAG device index = 0) is programmed with a design that has no supported debug core(s) in it.
close_hw
exit
INFO: [Common 17-206] Exiting Vivado at Fri Dec  6 11:38:56 2019...
