#-----------------------------------------------------------
# Vivado v2021.1 (64-bit)
# SW Build 3247384 on Thu Jun 10 19:36:33 MDT 2021
# IP Build 3246043 on Fri Jun 11 00:30:35 MDT 2021
# Start of session at: Wed Oct  6 12:04:04 2021
# Process ID: 5296
# Current directory: C:/Users/yorbe/OneDrive - Universiteit Antwerpen/School/1_Basis_digitale_elektronica/opgave_7
# Command line: vivado.exe -gui_launcher_event rodinguilauncherevent6748 C:\Users\yorbe\OneDrive - Universiteit Antwerpen\School\1_Basis_digitale_elektronica\opgave_7\opgave_7.xpr
# Log file: C:/Users/yorbe/OneDrive - Universiteit Antwerpen/School/1_Basis_digitale_elektronica/opgave_7/vivado.log
# Journal file: C:/Users/yorbe/OneDrive - Universiteit Antwerpen/School/1_Basis_digitale_elektronica/opgave_7\vivado.jou
#-----------------------------------------------------------
start_gui
open_project -read_only {C:/Users/yorbe/OneDrive - Universiteit Antwerpen/School/1_Basis_digitale_elektronica/opgave_7/opgave_7.xpr}
INFO: [ProjectBase 1-489] The host OS only allows 260 characters in a normal path. The project is stored in a path with more than 80 characters. If you experience issues with IP, Block Designs, or files not being found, please consider moving the project to a location with a shorter path. Alternately consider using the OS subst command to map part of the path to a drive letter.
Current project path is 'C:/Users/yorbe/OneDrive - Universiteit Antwerpen/School/1_Basis_digitale_elektronica/opgave_7'
INFO: [Project 1-313] Project file moved from 'C:/Users/yorbe/OneDrive - uantwerpen/opgave_7' since last save.
Scanning sources...
Finished scanning sources
WARNING: [Project 1-229] Project 'opgave_7.xpr' is read-only and therefore could not be upgraded for this version of Vivado.  Use 'File | Save Project As...' if you wish to save an upgraded copy.
INFO: [IP_Flow 19-234] Refreshing IP repositories
INFO: [IP_Flow 19-1704] No user IP repositories specified
INFO: [IP_Flow 19-2313] Loaded Vivado IP repository 'C:/Xilinx/Vivado/2021.1/data/ip'.
open_project: Time (s): cpu = 00:00:35 ; elapsed = 00:00:19 . Memory (MB): peak = 1247.703 ; gain = 0.000
update_compile_order -fileset sources_1
exit
INFO: [Common 17-206] Exiting Vivado at Wed Oct  6 12:06:40 2021...
