#-----------------------------------------------------------
# Vivado v2019.1.3 (64-bit)
# SW Build 2644227 on Wed Sep  4 09:45:24 MDT 2019
# IP Build 2633630 on Wed Sep  4 12:30:14 MDT 2019
# Start of session at: Mon Dec 16 21:24:59 2019
# Process ID: 644
# Current directory: C:/Users/Yorben/OneDrive - uantwerpen/opgave_7
# Command line: vivado.exe -gui_launcher_event rodinguilauncherevent15876 C:\Users\Yorben\OneDrive - uantwerpen\opgave_7\opgave_7.xpr
# Log file: C:/Users/Yorben/OneDrive - uantwerpen/opgave_7/vivado.log
# Journal file: C:/Users/Yorben/OneDrive - uantwerpen/opgave_7\vivado.jou
#-----------------------------------------------------------
start_gui
open_project {C:/Users/Yorben/OneDrive - uantwerpen/opgave_7/opgave_7.xpr}
INFO: [Project 1-313] Project file moved from 'C:/Users/yorbe/OneDrive - uantwerpen/opgave_7' since last save.
Scanning sources...
Finished scanning sources
INFO: [IP_Flow 19-234] Refreshing IP repositories
INFO: [IP_Flow 19-1704] No user IP repositories specified
INFO: [IP_Flow 19-2313] Loaded Vivado IP repository 'C:/Xilinx/Vivado/2019.1/data/ip'.
open_project: Time (s): cpu = 00:00:11 ; elapsed = 00:00:09 . Memory (MB): peak = 719.063 ; gain = 41.043
update_compile_order -fileset sources_1
exit
INFO: [Common 17-206] Exiting Vivado at Mon Dec 16 23:08:44 2019...
