#-----------------------------------------------------------
# Vivado v2019.1.3 (64-bit)
# SW Build 2644227 on Wed Sep  4 09:45:24 MDT 2019
# IP Build 2633630 on Wed Sep  4 12:30:14 MDT 2019
# Start of session at: Wed Dec 11 12:44:05 2019
# Process ID: 5768
# Current directory: C:/Users/yorbe/OneDrive - uantwerpen/opgave_7
# Command line: vivado.exe -gui_launcher_event rodinguilauncherevent10692 C:\Users\yorbe\OneDrive - uantwerpen\opgave_7\opgave_7.xpr
# Log file: C:/Users/yorbe/OneDrive - uantwerpen/opgave_7/vivado.log
# Journal file: C:/Users/yorbe/OneDrive - uantwerpen/opgave_7\vivado.jou
#-----------------------------------------------------------
start_gui
open_project {C:/Users/yorbe/OneDrive - uantwerpen/opgave_7/opgave_7.xpr}
Scanning sources...
Finished scanning sources
INFO: [IP_Flow 19-234] Refreshing IP repositories
INFO: [IP_Flow 19-1704] No user IP repositories specified
INFO: [IP_Flow 19-2313] Loaded Vivado IP repository 'C:/Xilinx/Vivado/2019.1/data/ip'.
open_project: Time (s): cpu = 00:00:38 ; elapsed = 00:00:18 . Memory (MB): peak = 750.555 ; gain = 111.184
update_compile_order -fileset sources_1
reset_run synth_1
launch_runs impl_1 -to_step write_bitstream -jobs 6
[Wed Dec 11 13:43:02 2019] Launched synth_1...
Run output will be captured here: C:/Users/yorbe/OneDrive - uantwerpen/opgave_7/opgave_7.runs/synth_1/runme.log
[Wed Dec 11 13:43:02 2019] Launched impl_1...
Run output will be captured here: C:/Users/yorbe/OneDrive - uantwerpen/opgave_7/opgave_7.runs/impl_1/runme.log
open_hw
connect_hw_server
INFO: [Labtools 27-2285] Connecting to hw_server url TCP:localhost:3121
INFO: [Labtools 27-2222] Launching hw_server...
INFO: [Labtools 27-2221] Launch Output:

****** Xilinx hw_server v2019.1.3
  **** Build date : Sep  4 2019 at 10:11:09
    ** Copyright 1986-2019 Xilinx, Inc. All Rights Reserved.


open_hw_target
INFO: [Labtoolstcl 44-466] Opening hw_target localhost:3121/xilinx_tcf/Digilent/210292A8B009A
set_property PROGRAM.FILE {C:/Users/yorbe/OneDrive - uantwerpen/opgave_7/opgave_7.runs/impl_1/opgave_7.bit} [get_hw_devices xc7a100t_0]
current_hw_device [get_hw_devices xc7a100t_0]
refresh_hw_device -update_hw_probes false [lindex [get_hw_devices xc7a100t_0] 0]
INFO: [Labtools 27-1434] Device xc7a100t (JTAG device index = 0) is programmed with a design that has no supported debug core(s) in it.
set_property PROBES.FILE {} [get_hw_devices xc7a100t_0]
set_property FULL_PROBES.FILE {} [get_hw_devices xc7a100t_0]
set_property PROGRAM.FILE {C:/Users/yorbe/OneDrive - uantwerpen/opgave_7/opgave_7.runs/impl_1/opgave_7.bit} [get_hw_devices xc7a100t_0]
program_hw_devices [get_hw_devices xc7a100t_0]
INFO: [Labtools 27-3164] End of startup status: HIGH
refresh_hw_device [lindex [get_hw_devices xc7a100t_0] 0]
INFO: [Labtools 27-1434] Device xc7a100t (JTAG device index = 0) is programmed with a design that has no supported debug core(s) in it.
reset_run synth_1
launch_runs impl_1 -to_step write_bitstream -jobs 6
[Wed Dec 11 13:49:01 2019] Launched synth_1...
Run output will be captured here: C:/Users/yorbe/OneDrive - uantwerpen/opgave_7/opgave_7.runs/synth_1/runme.log
[Wed Dec 11 13:49:01 2019] Launched impl_1...
Run output will be captured here: C:/Users/yorbe/OneDrive - uantwerpen/opgave_7/opgave_7.runs/impl_1/runme.log
set_property PROBES.FILE {} [get_hw_devices xc7a100t_0]
set_property FULL_PROBES.FILE {} [get_hw_devices xc7a100t_0]
set_property PROGRAM.FILE {C:/Users/yorbe/OneDrive - uantwerpen/opgave_7/opgave_7.runs/impl_1/opgave_7.bit} [get_hw_devices xc7a100t_0]
program_hw_devices [get_hw_devices xc7a100t_0]
INFO: [Labtools 27-3164] End of startup status: HIGH
refresh_hw_device [lindex [get_hw_devices xc7a100t_0] 0]
INFO: [Labtools 27-1434] Device xc7a100t (JTAG device index = 0) is programmed with a design that has no supported debug core(s) in it.
reset_run synth_1
launch_runs impl_1 -to_step write_bitstream -jobs 6
[Wed Dec 11 13:53:22 2019] Launched synth_1...
Run output will be captured here: C:/Users/yorbe/OneDrive - uantwerpen/opgave_7/opgave_7.runs/synth_1/runme.log
[Wed Dec 11 13:53:22 2019] Launched impl_1...
Run output will be captured here: C:/Users/yorbe/OneDrive - uantwerpen/opgave_7/opgave_7.runs/impl_1/runme.log
set_property PROBES.FILE {} [get_hw_devices xc7a100t_0]
set_property FULL_PROBES.FILE {} [get_hw_devices xc7a100t_0]
set_property PROGRAM.FILE {C:/Users/yorbe/OneDrive - uantwerpen/opgave_7/opgave_7.runs/impl_1/opgave_7.bit} [get_hw_devices xc7a100t_0]
program_hw_devices [get_hw_devices xc7a100t_0]
INFO: [Labtools 27-3164] End of startup status: HIGH
refresh_hw_device [lindex [get_hw_devices xc7a100t_0] 0]
INFO: [Labtools 27-1434] Device xc7a100t (JTAG device index = 0) is programmed with a design that has no supported debug core(s) in it.
reset_run synth_1
launch_runs impl_1 -to_step write_bitstream -jobs 6
[Wed Dec 11 13:57:11 2019] Launched synth_1...
Run output will be captured here: C:/Users/yorbe/OneDrive - uantwerpen/opgave_7/opgave_7.runs/synth_1/runme.log
[Wed Dec 11 13:57:11 2019] Launched impl_1...
Run output will be captured here: C:/Users/yorbe/OneDrive - uantwerpen/opgave_7/opgave_7.runs/impl_1/runme.log
set_property PROBES.FILE {} [get_hw_devices xc7a100t_0]
set_property FULL_PROBES.FILE {} [get_hw_devices xc7a100t_0]
set_property PROGRAM.FILE {C:/Users/yorbe/OneDrive - uantwerpen/opgave_7/opgave_7.runs/impl_1/opgave_7.bit} [get_hw_devices xc7a100t_0]
program_hw_devices [get_hw_devices xc7a100t_0]
INFO: [Labtools 27-3164] End of startup status: HIGH
refresh_hw_device [lindex [get_hw_devices xc7a100t_0] 0]
INFO: [Labtools 27-1434] Device xc7a100t (JTAG device index = 0) is programmed with a design that has no supported debug core(s) in it.
reset_run synth_1
launch_runs impl_1 -to_step write_bitstream -jobs 6
[Wed Dec 11 13:59:48 2019] Launched synth_1...
Run output will be captured here: C:/Users/yorbe/OneDrive - uantwerpen/opgave_7/opgave_7.runs/synth_1/runme.log
[Wed Dec 11 13:59:48 2019] Launched impl_1...
Run output will be captured here: C:/Users/yorbe/OneDrive - uantwerpen/opgave_7/opgave_7.runs/impl_1/runme.log
set_property PROBES.FILE {} [get_hw_devices xc7a100t_0]
set_property FULL_PROBES.FILE {} [get_hw_devices xc7a100t_0]
set_property PROGRAM.FILE {C:/Users/yorbe/OneDrive - uantwerpen/opgave_7/opgave_7.runs/impl_1/opgave_7.bit} [get_hw_devices xc7a100t_0]
program_hw_devices [get_hw_devices xc7a100t_0]
INFO: [Labtools 27-3164] End of startup status: HIGH
refresh_hw_device [lindex [get_hw_devices xc7a100t_0] 0]
INFO: [Labtools 27-1434] Device xc7a100t (JTAG device index = 0) is programmed with a design that has no supported debug core(s) in it.
exit
INFO: [Common 17-206] Exiting Vivado at Wed Dec 11 14:02:41 2019...
