#-----------------------------------------------------------
# Vivado v2019.1.3 (64-bit)
# SW Build 2644227 on Wed Sep  4 09:45:24 MDT 2019
# IP Build 2633630 on Wed Sep  4 12:30:14 MDT 2019
# Start of session at: Fri Oct 25 17:35:42 2019
# Process ID: 6140
# Current directory: C:/Users/yorbe/OneDrive - uantwerpen/opgave_1
# Command line: vivado.exe -gui_launcher_event rodinguilauncherevent10872 C:\Users\yorbe\OneDrive - uantwerpen\opgave_1\opgave_1.xpr
# Log file: C:/Users/yorbe/OneDrive - uantwerpen/opgave_1/vivado.log
# Journal file: C:/Users/yorbe/OneDrive - uantwerpen/opgave_1\vivado.jou
#-----------------------------------------------------------
start_gui
open_project {C:/Users/yorbe/OneDrive - uantwerpen/opgave_1/opgave_1.xpr}
INFO: [Project 1-313] Project file moved from 'C:/Users/yorbe/OneDrive/Bureaublad/opgave_1' since last save.
Scanning sources...
Finished scanning sources
INFO: [IP_Flow 19-234] Refreshing IP repositories
INFO: [IP_Flow 19-1704] No user IP repositories specified
INFO: [IP_Flow 19-2313] Loaded Vivado IP repository 'C:/Xilinx/Vivado/2019.1/data/ip'.
open_project: Time (s): cpu = 00:00:25 ; elapsed = 00:00:10 . Memory (MB): peak = 745.977 ; gain = 111.344
update_compile_order -fileset sources_1
exit
INFO: [Common 17-206] Exiting Vivado at Fri Oct 25 17:37:18 2019...
