#-----------------------------------------------------------
# Vivado v2019.1.3 (64-bit)
# SW Build 2644227 on Wed Sep  4 09:45:24 MDT 2019
# IP Build 2633630 on Wed Sep  4 12:30:14 MDT 2019
# Start of session at: Wed Dec 11 15:45:34 2019
# Process ID: 3876
# Current directory: C:/Users/yorbe/OneDrive - uantwerpen/opgave_1
# Command line: vivado.exe -gui_launcher_event rodinguilauncherevent9848 C:\Users\yorbe\OneDrive - uantwerpen\opgave_1\opgave_1.xpr
# Log file: C:/Users/yorbe/OneDrive - uantwerpen/opgave_1/vivado.log
# Journal file: C:/Users/yorbe/OneDrive - uantwerpen/opgave_1\vivado.jou
#-----------------------------------------------------------
start_gui
open_project {C:/Users/yorbe/OneDrive - uantwerpen/opgave_1/opgave_1.xpr}
Scanning sources...
Finished scanning sources
INFO: [IP_Flow 19-234] Refreshing IP repositories
INFO: [IP_Flow 19-1704] No user IP repositories specified
INFO: [IP_Flow 19-2313] Loaded Vivado IP repository 'C:/Xilinx/Vivado/2019.1/data/ip'.
update_compile_order -fileset sources_1
exit
INFO: [Common 17-206] Exiting Vivado at Wed Dec 11 15:51:59 2019...
