#-----------------------------------------------------------
# Vivado v2019.1.3 (64-bit)
# SW Build 2644227 on Wed Sep  4 09:45:24 MDT 2019
# IP Build 2633630 on Wed Sep  4 12:30:14 MDT 2019
# Start of session at: Thu Nov 14 12:54:57 2019
# Process ID: 8480
# Current directory: C:/Users/yorbe/OneDrive - uantwerpen/opgave_1
# Command line: vivado.exe -gui_launcher_event rodinguilauncherevent8340 C:\Users\yorbe\OneDrive - uantwerpen\opgave_1\opgave_1.xpr
# Log file: C:/Users/yorbe/OneDrive - uantwerpen/opgave_1/vivado.log
# Journal file: C:/Users/yorbe/OneDrive - uantwerpen/opgave_1\vivado.jou
#-----------------------------------------------------------
start_gui
open_project {C:/Users/yorbe/OneDrive - uantwerpen/opgave_1/opgave_1.xpr}
INFO: [Project 1-313] Project file moved from 'C:/Users/yorbe/OneDrive/Bureaublad/opgave_1' since last save.
Scanning sources...
Finished scanning sources
INFO: [IP_Flow 19-234] Refreshing IP repositories
INFO: [IP_Flow 19-1704] No user IP repositories specified
INFO: [IP_Flow 19-2313] Loaded Vivado IP repository 'C:/Xilinx/Vivado/2019.1/data/ip'.
open_project: Time (s): cpu = 00:00:28 ; elapsed = 00:00:11 . Memory (MB): peak = 729.563 ; gain = 78.465
update_compile_order -fileset sources_1
launch_runs synth_1 -jobs 6
[Thu Nov 14 13:02:34 2019] Launched synth_1...
Run output will be captured here: C:/Users/yorbe/OneDrive - uantwerpen/opgave_1/opgave_1.runs/synth_1/runme.log
launch_runs impl_1 -jobs 6
[Thu Nov 14 13:03:44 2019] Launched impl_1...
Run output will be captured here: C:/Users/yorbe/OneDrive - uantwerpen/opgave_1/opgave_1.runs/impl_1/runme.log
open_run impl_1
INFO: [Device 21-403] Loading part xc7k70tfbv676-1
INFO: [Project 1-479] Netlist was created with Vivado 2019.1.3
INFO: [Project 1-570] Preparing netlist for logic optimization
Reading XDEF placement.
Reading placer database...
Reading XDEF routing.
Read XDEF File: Time (s): cpu = 00:00:00 ; elapsed = 00:00:00.068 . Memory (MB): peak = 1091.320 ; gain = 0.262
Restored from archive | CPU: 0.000000 secs | Memory: 0.000000 MB |
Finished XDEF File Restore: Time (s): cpu = 00:00:00 ; elapsed = 00:00:00.068 . Memory (MB): peak = 1091.320 ; gain = 0.262
Netlist sorting complete. Time (s): cpu = 00:00:00 ; elapsed = 00:00:00 . Memory (MB): peak = 1091.457 ; gain = 0.000
INFO: [Project 1-111] Unisim Transformation Summary:
No Unisim elements were transformed.

open_run: Time (s): cpu = 00:00:39 ; elapsed = 00:00:25 . Memory (MB): peak = 1230.063 ; gain = 432.023
WARNING: [Timing 38-313] There are no user specified timing constraints. Timing constraints are needed for proper timing analysis.
exit
INFO: [Common 17-206] Exiting Vivado at Thu Nov 14 13:06:37 2019...
