#-----------------------------------------------------------
# Vivado v2019.1.3 (64-bit)
# SW Build 2644227 on Wed Sep  4 09:45:24 MDT 2019
# IP Build 2633630 on Wed Sep  4 12:30:14 MDT 2019
# Start of session at: Thu Dec 19 08:53:38 2019
# Process ID: 14124
# Current directory: C:/Users/yorbe/OneDrive - uantwerpen/opgave_2origineel
# Command line: vivado.exe -gui_launcher_event rodinguilauncherevent10004 C:\Users\yorbe\OneDrive - uantwerpen\opgave_2origineel\opgave_2origineel.xpr
# Log file: C:/Users/yorbe/OneDrive - uantwerpen/opgave_2origineel/vivado.log
# Journal file: C:/Users/yorbe/OneDrive - uantwerpen/opgave_2origineel\vivado.jou
#-----------------------------------------------------------
start_gui
open_project {C:/Users/yorbe/OneDrive - uantwerpen/opgave_2origineel/opgave_2origineel.xpr}
Scanning sources...
Finished scanning sources
INFO: [IP_Flow 19-234] Refreshing IP repositories
INFO: [IP_Flow 19-1704] No user IP repositories specified
INFO: [IP_Flow 19-2313] Loaded Vivado IP repository 'C:/Xilinx/Vivado/2019.1/data/ip'.
open_project: Time (s): cpu = 00:00:29 ; elapsed = 00:00:11 . Memory (MB): peak = 744.738 ; gain = 70.094
update_compile_order -fileset sources_1
exit
INFO: [Common 17-206] Exiting Vivado at Thu Dec 19 10:21:55 2019...
