#-----------------------------------------------------------
# Vivado v2019.1.3 (64-bit)
# SW Build 2644227 on Wed Sep  4 09:45:24 MDT 2019
# IP Build 2633630 on Wed Sep  4 12:30:14 MDT 2019
# Start of session at: Thu Nov 14 13:09:06 2019
# Process ID: 7372
# Current directory: C:/Users/yorbe/OneDrive - uantwerpen/opgave_2
# Command line: vivado.exe -gui_launcher_event rodinguilauncherevent7804 C:\Users\yorbe\OneDrive - uantwerpen\opgave_2\opgave_2.xpr
# Log file: C:/Users/yorbe/OneDrive - uantwerpen/opgave_2/vivado.log
# Journal file: C:/Users/yorbe/OneDrive - uantwerpen/opgave_2\vivado.jou
#-----------------------------------------------------------
start_gui
open_project {C:/Users/yorbe/OneDrive - uantwerpen/opgave_2/opgave_2.xpr}
Scanning sources...
Finished scanning sources
INFO: [IP_Flow 19-234] Refreshing IP repositories
INFO: [IP_Flow 19-1704] No user IP repositories specified
INFO: [IP_Flow 19-2313] Loaded Vivado IP repository 'C:/Xilinx/Vivado/2019.1/data/ip'.
open_project: Time (s): cpu = 00:00:27 ; elapsed = 00:00:11 . Memory (MB): peak = 743.172 ; gain = 111.145
update_compile_order -fileset sources_1
exit
INFO: [Common 17-206] Exiting Vivado at Thu Nov 14 13:21:15 2019...
