#-----------------------------------------------------------
# Vivado v2019.1.3 (64-bit)
# SW Build 2644227 on Wed Sep  4 09:45:24 MDT 2019
# IP Build 2633630 on Wed Sep  4 12:30:14 MDT 2019
# Start of session at: Sun Nov 17 17:43:36 2019
# Process ID: 15908
# Current directory: C:/Users/Yorben/OneDrive - uantwerpen/opgave_5
# Command line: vivado.exe -gui_launcher_event rodinguilauncherevent15916 C:\Users\Yorben\OneDrive - uantwerpen\opgave_5\opgave_5.xpr
# Log file: C:/Users/Yorben/OneDrive - uantwerpen/opgave_5/vivado.log
# Journal file: C:/Users/Yorben/OneDrive - uantwerpen/opgave_5\vivado.jou
#-----------------------------------------------------------
start_gui
open_project {C:/Users/Yorben/OneDrive - uantwerpen/opgave_5/opgave_5.xpr}
INFO: [Project 1-313] Project file moved from 'C:/Users/yorbe/OneDrive - uantwerpen/opgave_5' since last save.
Scanning sources...
Finished scanning sources
INFO: [IP_Flow 19-234] Refreshing IP repositories
INFO: [IP_Flow 19-1704] No user IP repositories specified
INFO: [IP_Flow 19-2313] Loaded Vivado IP repository 'C:/Xilinx/Vivado/2019.1/data/ip'.
open_project: Time (s): cpu = 00:00:10 ; elapsed = 00:00:12 . Memory (MB): peak = 733.250 ; gain = 92.219
update_compile_order -fileset sources_1
exit
INFO: [Common 17-206] Exiting Vivado at Sun Nov 17 17:44:46 2019...
