#-----------------------------------------------------------
# Vivado v2019.1.3 (64-bit)
# SW Build 2644227 on Wed Sep  4 09:45:24 MDT 2019
# IP Build 2633630 on Wed Sep  4 12:30:14 MDT 2019
# Start of session at: Fri Nov  8 18:59:16 2019
# Process ID: 15240
# Current directory: C:/Users/Yorben/OneDrive - uantwerpen/opgave_4
# Command line: vivado.exe -gui_launcher_event rodinguilauncherevent4024 C:\Users\Yorben\OneDrive - uantwerpen\opgave_4\opgave_4.xpr
# Log file: C:/Users/Yorben/OneDrive - uantwerpen/opgave_4/vivado.log
# Journal file: C:/Users/Yorben/OneDrive - uantwerpen/opgave_4\vivado.jou
#-----------------------------------------------------------
start_gui
open_project {C:/Users/Yorben/OneDrive - uantwerpen/opgave_4/opgave_4.xpr}
INFO: [Project 1-313] Project file moved from 'C:/Users/yorbe/OneDrive - uantwerpen/opgave_4' since last save.
Scanning sources...
Finished scanning sources
INFO: [IP_Flow 19-234] Refreshing IP repositories
INFO: [IP_Flow 19-1704] No user IP repositories specified
INFO: [IP_Flow 19-2313] Loaded Vivado IP repository 'C:/Xilinx/Vivado/2019.1/data/ip'.
open_project: Time (s): cpu = 00:00:11 ; elapsed = 00:00:08 . Memory (MB): peak = 757.332 ; gain = 115.574
update_compile_order -fileset sources_1
set_property part xc7a100tcsg324-1 [current_project]
reset_run synth_1
launch_runs impl_1 -to_step write_bitstream -jobs 6
[Fri Nov  8 19:17:51 2019] Launched synth_1...
Run output will be captured here: C:/Users/Yorben/OneDrive - uantwerpen/opgave_4/opgave_4.runs/synth_1/runme.log
[Fri Nov  8 19:17:51 2019] Launched impl_1...
Run output will be captured here: C:/Users/Yorben/OneDrive - uantwerpen/opgave_4/opgave_4.runs/impl_1/runme.log
reset_run synth_1
WARNING: [Vivado 12-1017] Problems encountered:
1. PID not specified

exit
INFO: [Common 17-206] Exiting Vivado at Fri Nov  8 19:29:42 2019...
